<?xml version="1.0" encoding="UTF-8"?>
<testng-results skipped="0" failed="0" total="1" passed="1">
  <reporter-output>
  </reporter-output>
  <suite name="Default suite" duration-ms="25463" started-at="2020-04-09T04:38:26Z" finished-at="2020-04-09T04:38:52Z">
    <groups>
    </groups>
    <test name="Default test" duration-ms="25463" started-at="2020-04-09T04:38:26Z" finished-at="2020-04-09T04:38:52Z">
      <class name="com.training.sanity.tests.Assignment2">
        <test-method status="PASS" signature="beforeClass()[pri:0, instance:com.training.sanity.tests.Assignment2@ea4a92b]" name="beforeClass" is-config="true" duration-ms="24" started-at="2020-04-09T10:08:26Z" finished-at="2020-04-09T10:08:26Z">
          <reporter-output>
          </reporter-output>
        </test-method> <!-- beforeClass -->
        <test-method status="PASS" signature="beforeMethod()[pri:0, instance:com.training.sanity.tests.Assignment2@ea4a92b]" name="beforeMethod" is-config="true" duration-ms="14398" started-at="2020-04-09T10:08:26Z" finished-at="2020-04-09T10:08:41Z">
          <reporter-output>
          </reporter-output>
        </test-method> <!-- beforeMethod -->
        <test-method status="PASS" signature="addProduct()[pri:3, instance:com.training.sanity.tests.Assignment2@ea4a92b]" name="addProduct" duration-ms="10024" started-at="2020-04-09T10:08:41Z" finished-at="2020-04-09T10:08:51Z">
          <reporter-output>
          </reporter-output>
        </test-method> <!-- addProduct -->
        <test-method status="PASS" signature="afterMethod()[pri:0, instance:com.training.sanity.tests.Assignment2@ea4a92b]" name="afterMethod" is-config="true" duration-ms="1001" started-at="2020-04-09T10:08:51Z" finished-at="2020-04-09T10:08:52Z">
          <reporter-output>
          </reporter-output>
        </test-method> <!-- afterMethod -->
      </class> <!-- com.training.sanity.tests.Assignment2 -->
    </test> <!-- Default test -->
  </suite> <!-- Default suite -->
</testng-results>
