<?xml version="1.0" encoding="UTF-8"?>
<!-- Generated by org.testng.reporters.JUnitXMLReporter -->
<testsuite hostname="DESKTOP-OJ0M5PP" name="Default test" tests="3" failures="0" timestamp="4 Apr 2020 13:50:11 GMT" time="69.052" errors="0">
  <testcase name="viewOrderHistory" time="7.378" classname="com.training.sanity.tests.DashboardTests"/>
  <testcase name="editOrderHistory" time="7.802" classname="com.training.sanity.tests.DashboardTests"/>
  <testcase name="editReturnOrder" time="9.098" classname="com.training.sanity.tests.DashboardTests"/>
</testsuite> <!-- Default test -->
