<?xml version="1.0" encoding="UTF-8"?>
<!-- Generated by org.testng.reporters.JUnitXMLReporter -->
<testsuite hostname="DESKTOP-OJ0M5PP" name="Default test" tests="3" failures="0" timestamp="16 Apr 2020 08:18:59 GMT" time="57.977" errors="0">
  <testcase name="addProduct1" time="6.537" classname="com.training.sanity.tests.Assignment3"/>
  <testcase name="addProduct1" time="0.002" classname="com.training.sanity.tests.Assignment3"/>
  <testcase name="addProduct1" time="6.394" classname="com.training.sanity.tests.Assignment3"/>
</testsuite> <!-- Default test -->
